2024-04-18 09:20:14,370 INFO notifyConnectTimeout:200

2024-04-18 09:20:14,377 INFO notifySocketTimeout:8000

2024-04-18 09:20:14,378 INFO isHealthCheck:true

2024-04-18 09:20:14,378 INFO maxHealthCheckFailCount:12

2024-04-18 09:20:14,378 INFO maxContent:10485760

2024-04-18 09:20:20,599 INFO use local db service for init

2024-04-18 09:20:21,504 WARN Lexical error at line 4, column 66.  Encountered: <EOF> after : "".

2024-04-18 09:20:21,515 WARN Syntax error: Encountered "*" at line 1, column 1.

2024-04-18 09:20:21,578 WARN Table/View 'CONFIG_INFO' already exists in Schema 'NACOS'.

2024-04-18 09:20:21,687 WARN Table/View 'HIS_CONFIG_INFO' already exists in Schema 'NACOS'.

2024-04-18 09:20:21,724 WARN Table/View 'CONFIG_INFO_BETA' already exists in Schema 'NACOS'.

2024-04-18 09:20:21,738 WARN Table/View 'CONFIG_INFO_TAG' already exists in Schema 'NACOS'.

2024-04-18 09:20:21,751 WARN Table/View 'CONFIG_INFO_AGGR' already exists in Schema 'NACOS'.

2024-04-18 09:20:21,766 WARN Table/View 'APP_LIST' already exists in Schema 'NACOS'.

2024-04-18 09:20:21,778 WARN Table/View 'APP_CONFIGDATA_RELATION_SUBS' already exists in Schema 'NACOS'.

2024-04-18 09:20:21,789 WARN Table/View 'APP_CONFIGDATA_RELATION_PUBS' already exists in Schema 'NACOS'.

2024-04-18 09:20:21,801 WARN Table/View 'CONFIG_TAGS_RELATION' already exists in Schema 'NACOS'.

2024-04-18 09:20:21,821 WARN Table/View 'GROUP_CAPACITY' already exists in Schema 'NACOS'.

2024-04-18 09:20:21,834 WARN Table/View 'TENANT_CAPACITY' already exists in Schema 'NACOS'.

2024-04-18 09:20:21,845 WARN Table/View 'TENANT_INFO' already exists in Schema 'NACOS'.

2024-04-18 09:20:21,865 WARN Table/View 'USERS' already exists in Schema 'NACOS'.

2024-04-18 09:20:21,875 WARN Table/View 'ROLES' already exists in Schema 'NACOS'.

2024-04-18 09:20:21,886 WARN Table/View 'PERMISSIONS' already exists in Schema 'NACOS'.

2024-04-18 09:20:21,992 WARN The statement was aborted because it would have caused a duplicate key value in a unique or primary key constraint or unique index identified by 'SQL240308111533620' defined on 'USERS'.

2024-04-18 09:20:22,007 WARN The statement was aborted because it would have caused a duplicate key value in a unique or primary key constraint or unique index identified by 'UK_USERNAME_ROLE' defined on 'ROLES'.

2024-04-18 09:20:22,008 WARN Lexical error at line 4, column 13.  Encountered: "`" (96), after : "".

2024-04-18 09:20:22,008 WARN Lexical error at line 1, column 13.  Encountered: "`" (96), after : "".

2024-04-18 09:20:22,008 WARN Lexical error at line 1, column 13.  Encountered: "`" (96), after : "".

2024-04-18 09:20:22,009 WARN Lexical error at line 1, column 13.  Encountered: "`" (96), after : "".

2024-04-18 09:20:22,009 INFO use StandaloneDatabaseOperateImpl

2024-04-18 09:20:23,791 WARN DumpService start

2024-04-18 09:20:23,793 INFO start clear all config-info.

2024-04-18 09:20:23,794 WARN clear all config-info failed.

2024-04-18 09:20:23,794 WARN clear all config-info-tenant failed.

2024-04-18 09:20:24,216 INFO [all-dump] 753903816384974848 / 753903816384974848

2024-04-18 09:20:24,216 INFO start clear all config-info-beta.

2024-04-18 09:20:24,216 WARN clear all config-info-beta failed.

2024-04-18 09:20:24,216 WARN clear all config-info-beta-tenant failed.

2024-04-18 09:20:24,283 INFO start clear all config-info-tag.

2024-04-18 09:20:24,283 WARN clear all config-info-tag failed.

2024-04-18 09:20:24,283 WARN clear all config-info-tag-tenant failed.

2024-04-18 17:01:37,237 INFO notifyConnectTimeout:200

2024-04-18 17:01:37,242 INFO notifySocketTimeout:8000

2024-04-18 17:01:37,242 INFO isHealthCheck:true

2024-04-18 17:01:37,242 INFO maxHealthCheckFailCount:12

2024-04-18 17:01:37,242 INFO maxContent:10485760

2024-04-18 17:01:41,373 INFO use local db service for init

2024-04-18 17:01:42,765 ERROR Failed to start database 'D:\idea\SpringcloudStudy\nacos\data\derby-data' with class loader org.springframework.boot.loader.LaunchedURLClassLoader@722c41f4, see the next exception for details.

java.sql.SQLException: Failed to start database 'D:\idea\SpringcloudStudy\nacos\data\derby-data' with class loader org.springframework.boot.loader.LaunchedURLClassLoader@722c41f4, see the next exception for details.
	at org.apache.derby.impl.jdbc.SQLExceptionFactory.getSQLException(Unknown Source)
	at org.apache.derby.impl.jdbc.SQLExceptionFactory.getSQLException(Unknown Source)
	at org.apache.derby.impl.jdbc.Util.seeNextException(Unknown Source)
	at org.apache.derby.impl.jdbc.EmbedConnection.bootDatabase(Unknown Source)
	at org.apache.derby.impl.jdbc.EmbedConnection.<init>(Unknown Source)
	at org.apache.derby.jdbc.InternalDriver$1.run(Unknown Source)
	at org.apache.derby.jdbc.InternalDriver$1.run(Unknown Source)
	at java.base/java.security.AccessController.doPrivileged(AccessController.java:554)
	at org.apache.derby.jdbc.InternalDriver.getNewEmbedConnection(Unknown Source)
	at org.apache.derby.jdbc.InternalDriver$LoginCallable.call(Unknown Source)
	at org.apache.derby.jdbc.InternalDriver$LoginCallable.call(Unknown Source)
	at java.base/java.util.concurrent.FutureTask.run(FutureTask.java:264)
	at java.base/java.util.concurrent.ThreadPoolExecutor.runWorker(ThreadPoolExecutor.java:1130)
	at java.base/java.util.concurrent.ThreadPoolExecutor$Worker.run(ThreadPoolExecutor.java:630)
	at java.base/java.lang.Thread.run(Thread.java:831)
Caused by: org.apache.derby.iapi.error.StandardException: Failed to start database 'D:\idea\SpringcloudStudy\nacos\data\derby-data' with class loader org.springframework.boot.loader.LaunchedURLClassLoader@722c41f4, see the next exception for details.
	at org.apache.derby.iapi.error.StandardException.newException(Unknown Source)
	at org.apache.derby.impl.jdbc.SQLExceptionFactory.wrapArgsForTransportAcrossDRDA(Unknown Source)
	... 15 common frames omitted
Caused by: org.apache.derby.iapi.error.StandardException: Another instance of Derby may have already booted the database D:\idea\SpringcloudStudy\nacos\data\derby-data.
	at org.apache.derby.iapi.error.StandardException.newException(Unknown Source)
	at org.apache.derby.iapi.error.StandardException.newException(Unknown Source)
	at org.apache.derby.impl.store.raw.data.BaseDataFileFactory.privGetJBMSLockOnDB(Unknown Source)
	at org.apache.derby.impl.store.raw.data.BaseDataFileFactory.run(Unknown Source)
	at java.base/java.security.AccessController.doPrivileged(AccessController.java:554)
	at org.apache.derby.impl.store.raw.data.BaseDataFileFactory.getJBMSLockOnDB(Unknown Source)
	at org.apache.derby.impl.store.raw.data.BaseDataFileFactory.boot(Unknown Source)
	at org.apache.derby.impl.services.monitor.BaseMonitor.boot(Unknown Source)
	at org.apache.derby.impl.services.monitor.TopService.bootModule(Unknown Source)
	at org.apache.derby.impl.services.monitor.BaseMonitor.startModule(Unknown Source)
	at org.apache.derby.impl.services.monitor.FileMonitor.startModule(Unknown Source)
	at org.apache.derby.iapi.services.monitor.Monitor.bootServiceModule(Unknown Source)
	at org.apache.derby.impl.store.raw.RawStore$6.run(Unknown Source)
	at java.base/java.security.AccessController.doPrivileged(AccessController.java:554)
	at org.apache.derby.impl.store.raw.RawStore.bootServiceModule(Unknown Source)
	at org.apache.derby.impl.store.raw.RawStore.boot(Unknown Source)
	at org.apache.derby.impl.services.monitor.BaseMonitor.boot(Unknown Source)
	at org.apache.derby.impl.services.monitor.TopService.bootModule(Unknown Source)
	at org.apache.derby.impl.services.monitor.BaseMonitor.startModule(Unknown Source)
	at org.apache.derby.impl.services.monitor.FileMonitor.startModule(Unknown Source)
	at org.apache.derby.iapi.services.monitor.Monitor.bootServiceModule(Unknown Source)
	at org.apache.derby.impl.store.access.RAMAccessManager$5.run(Unknown Source)
	at java.base/java.security.AccessController.doPrivileged(AccessController.java:554)
	at org.apache.derby.impl.store.access.RAMAccessManager.bootServiceModule(Unknown Source)
	at org.apache.derby.impl.store.access.RAMAccessManager.boot(Unknown Source)
	at org.apache.derby.impl.services.monitor.BaseMonitor.boot(Unknown Source)
	at org.apache.derby.impl.services.monitor.TopService.bootModule(Unknown Source)
	at org.apache.derby.impl.services.monitor.BaseMonitor.startModule(Unknown Source)
	at org.apache.derby.impl.services.monitor.FileMonitor.startModule(Unknown Source)
	at org.apache.derby.iapi.services.monitor.Monitor.bootServiceModule(Unknown Source)
	at org.apache.derby.impl.db.BasicDatabase$5.run(Unknown Source)
	at java.base/java.security.AccessController.doPrivileged(AccessController.java:554)
	at org.apache.derby.impl.db.BasicDatabase.bootServiceModule(Unknown Source)
	at org.apache.derby.impl.db.BasicDatabase.bootStore(Unknown Source)
	at org.apache.derby.impl.db.BasicDatabase.boot(Unknown Source)
	at org.apache.derby.impl.services.monitor.BaseMonitor.boot(Unknown Source)
	at org.apache.derby.impl.services.monitor.TopService.bootModule(Unknown Source)
	at org.apache.derby.impl.services.monitor.BaseMonitor.bootService(Unknown Source)
	at org.apache.derby.impl.services.monitor.BaseMonitor.startProviderService(Unknown Source)
	at org.apache.derby.impl.services.monitor.BaseMonitor.findProviderAndStartService(Unknown Source)
	at org.apache.derby.impl.services.monitor.BaseMonitor.startPersistentService(Unknown Source)
	at org.apache.derby.iapi.services.monitor.Monitor.startPersistentService(Unknown Source)
	at org.apache.derby.impl.jdbc.EmbedConnection$4.run(Unknown Source)
	at org.apache.derby.impl.jdbc.EmbedConnection$4.run(Unknown Source)
	at java.base/java.security.AccessController.doPrivileged(AccessController.java:554)
	at org.apache.derby.impl.jdbc.EmbedConnection.startPersistentService(Unknown Source)
	... 12 common frames omitted
