2024-04-18 09:20:54,377 INFO PERFORMANCE:|2|2|-1|-1

2024-04-18 09:25:54,378 INFO PERFORMANCE:|3|4|-1|-1

2024-04-18 09:30:54,383 INFO PERFORMANCE:|3|4|-1|-1

2024-04-18 09:35:54,398 INFO PERFORMANCE:|3|4|-1|-1

2024-04-18 09:40:54,404 INFO PERFORMANCE:|3|4|-1|-1

2024-04-18 09:45:54,405 INFO PERFORMANCE:|3|4|-1|-1

2024-04-18 09:50:54,419 INFO PERFORMANCE:|3|4|-1|-1

2024-04-18 09:55:54,429 INFO PERFORMANCE:|3|4|-1|-1

2024-04-18 10:00:54,436 INFO PERFORMANCE:|3|4|-1|-1

2024-04-18 10:05:54,438 INFO PERFORMANCE:|3|4|-1|-1

2024-04-18 10:10:54,448 INFO PERFORMANCE:|3|4|-1|-1

2024-04-18 10:15:54,464 INFO PERFORMANCE:|3|4|-1|-1

2024-04-18 10:21:50,056 INFO PERFORMANCE:|3|4|-1|-1

2024-04-18 10:26:50,071 INFO PERFORMANCE:|3|4|-1|-1

2024-04-18 10:31:50,083 INFO PERFORMANCE:|3|4|-1|-1

2024-04-18 10:36:50,088 INFO PERFORMANCE:|3|4|-1|-1

2024-04-18 10:41:50,095 INFO PERFORMANCE:|3|4|-1|-1

2024-04-18 10:46:50,102 INFO PERFORMANCE:|3|4|-1|-1

2024-04-18 10:51:50,103 INFO PERFORMANCE:|3|4|-1|-1

2024-04-18 10:56:50,104 INFO PERFORMANCE:|3|4|-1|-1

2024-04-18 11:01:50,119 INFO PERFORMANCE:|3|4|-1|-1

2024-04-18 11:09:16,952 INFO PERFORMANCE:|3|4|-1|-1

2024-04-18 11:14:16,964 INFO PERFORMANCE:|3|4|-1|-1

2024-04-18 11:19:16,968 INFO PERFORMANCE:|3|4|-1|-1

2024-04-18 11:24:16,980 INFO PERFORMANCE:|3|4|-1|-1

2024-04-18 11:29:16,995 INFO PERFORMANCE:|3|4|-1|-1

2024-04-18 11:34:16,998 INFO PERFORMANCE:|3|4|-1|-1

2024-04-18 11:39:17,003 INFO PERFORMANCE:|3|4|-1|-1

2024-04-18 11:44:17,003 INFO PERFORMANCE:|3|4|-1|-1

2024-04-18 11:49:17,019 INFO PERFORMANCE:|3|4|-1|-1

2024-04-18 11:54:17,029 INFO PERFORMANCE:|3|4|-1|-1

2024-04-18 11:59:17,042 INFO PERFORMANCE:|3|4|-1|-1

2024-04-18 12:04:17,052 INFO PERFORMANCE:|3|4|-1|-1

2024-04-18 12:09:17,061 INFO PERFORMANCE:|3|4|-1|-1

2024-04-18 12:14:17,073 INFO PERFORMANCE:|3|4|-1|-1

2024-04-18 12:19:17,077 INFO PERFORMANCE:|3|4|-1|-1

2024-04-18 12:24:17,080 INFO PERFORMANCE:|3|4|-1|-1

2024-04-18 12:29:17,086 INFO PERFORMANCE:|3|4|-1|-1

2024-04-18 12:34:17,100 INFO PERFORMANCE:|3|4|-1|-1

2024-04-18 15:04:40,522 INFO PERFORMANCE:|3|4|-1|-1

2024-04-18 15:09:40,531 INFO PERFORMANCE:|3|4|-1|-1

2024-04-18 15:14:40,545 INFO PERFORMANCE:|3|4|-1|-1

2024-04-18 15:19:40,558 INFO PERFORMANCE:|3|4|-1|-1

2024-04-18 15:24:40,572 INFO PERFORMANCE:|3|4|-1|-1

2024-04-18 15:29:40,579 INFO PERFORMANCE:|3|4|-1|-1

2024-04-18 15:34:40,587 INFO PERFORMANCE:|3|4|-1|-1

2024-04-18 15:39:40,598 INFO PERFORMANCE:|3|4|-1|-1

2024-04-18 15:44:40,608 INFO PERFORMANCE:|3|4|-1|-1

2024-04-18 15:49:40,624 INFO PERFORMANCE:|3|4|-1|-1

2024-04-18 15:54:40,630 INFO PERFORMANCE:|3|4|-1|-1

2024-04-18 15:59:40,646 INFO PERFORMANCE:|3|4|-1|-1

2024-04-18 16:04:40,662 INFO PERFORMANCE:|3|4|-1|-1

2024-04-18 16:09:40,668 INFO PERFORMANCE:|3|4|-1|-1

2024-04-18 16:14:40,681 INFO PERFORMANCE:|3|4|-1|-1

2024-04-18 16:19:40,694 INFO PERFORMANCE:|3|4|-1|-1

2024-04-18 16:24:40,699 INFO PERFORMANCE:|3|4|-1|-1

2024-04-18 16:29:40,701 INFO PERFORMANCE:|3|4|-1|-1

2024-04-18 16:34:40,704 INFO PERFORMANCE:|3|4|-1|-1

2024-04-18 16:39:40,710 INFO PERFORMANCE:|3|4|-1|-1

2024-04-18 16:44:40,721 INFO PERFORMANCE:|3|4|-1|-1

2024-04-18 16:49:40,725 INFO PERFORMANCE:|3|4|-1|-1

2024-04-18 16:54:40,731 INFO PERFORMANCE:|3|4|-1|-1

2024-04-18 16:59:40,742 INFO PERFORMANCE:|3|4|-1|-1

2024-04-18 17:04:40,755 INFO PERFORMANCE:|3|4|-1|-1

2024-04-18 17:09:40,756 INFO PERFORMANCE:|3|4|-1|-1

2024-04-18 17:14:40,758 INFO PERFORMANCE:|3|4|-1|-1

2024-04-18 17:19:40,769 INFO PERFORMANCE:|3|4|-1|-1

2024-04-18 17:24:40,769 INFO PERFORMANCE:|3|4|-1|-1

2024-04-18 17:29:40,775 INFO PERFORMANCE:|3|4|-1|-1

2024-04-18 17:34:40,778 INFO PERFORMANCE:|3|4|-1|-1

2024-04-18 17:39:40,788 INFO PERFORMANCE:|3|4|-1|-1

2024-04-18 18:13:53,429 INFO PERFORMANCE:|3|4|7|7

2024-04-18 18:18:53,430 INFO PERFORMANCE:|3|4|-1|-1

2024-04-18 18:23:53,435 INFO PERFORMANCE:|3|4|-1|-1

2024-04-18 18:28:53,442 INFO PERFORMANCE:|3|4|-1|-1

2024-04-18 18:33:53,450 INFO PERFORMANCE:|3|4|-1|-1

2024-04-18 18:38:53,453 INFO PERFORMANCE:|3|4|-1|-1

