2024-04-18 09:20:22,521 INFO raft peers changed: [Member{ip='192.168.159.1', port=8848, state=UP, extendInfo={raftPort=7848}}]

2024-04-18 09:20:22,547 INFO initializing Raft sub-system

2024-04-18 09:20:22,709 INFO finish loading all datums, size: 2 cost 162 ms.

2024-04-18 09:20:22,713 INFO cache loaded, datum count: 2, current term: 0

2024-04-18 09:20:22,713 INFO finish to load data from disk, cost: 166 ms.

2024-04-18 09:20:22,717 INFO timer started: leader timeout ms: 15000, heart-beat timeout ms: 5000

2024-04-18 09:20:23,469 INFO add listener: com.alibaba.nacos.naming.domains.meta.00-00---000-NACOS_SWITCH_DOMAIN-000---00-00

2024-04-18 09:20:23,491 INFO add listener: com.alibaba.nacos.naming.domains.meta.

2024-04-18 09:20:23,491 INFO [RAFT-NOTIFIER] datum is changed, key: com.alibaba.nacos.naming.domains.meta.public##DEFAULT_GROUP@@borrowserver, value: Service{name='DEFAULT_GROUP@@borrowserver', protectThreshold=0.0, appName='null', groupName='DEFAULT_GROUP', metadata={}}

2024-04-18 09:20:23,553 INFO [RAFT-NOTIFIER] datum is changed, key: com.alibaba.nacos.naming.domains.meta.public##DEFAULT_GROUP@@borrowserver, value: Service{name='DEFAULT_GROUP@@borrowserver', protectThreshold=0.0, appName='null', groupName='DEFAULT_GROUP', metadata={}}

2024-04-18 09:20:23,565 INFO add listener: com.alibaba.nacos.naming.iplist.public##DEFAULT_GROUP@@borrowserver

2024-04-18 09:20:23,593 INFO add listener: com.alibaba.nacos.naming.iplist.public##DEFAULT_GROUP@@borrowserver

2024-04-18 09:20:27,517 WARN start to close old raft protocol!!!

2024-04-18 09:20:27,517 WARN stop old raft protocol task for notifier

2024-04-18 09:20:27,517 WARN stop old raft protocol task for master task

2024-04-18 09:20:27,517 WARN stop old raft protocol task for heartbeat task

2024-04-18 09:20:27,517 WARN clean old cache datum for old raft

2024-04-18 09:20:27,517 WARN start to close old raft protocol!!!

2024-04-18 09:20:27,517 WARN stop old raft protocol task for notifier

2024-04-18 09:20:27,517 WARN stop old raft protocol task for master task

2024-04-18 09:20:27,517 WARN stop old raft protocol task for heartbeat task

2024-04-18 09:20:27,517 WARN clean old cache datum for old raft

2024-04-18 09:20:27,517 WARN start to move old raft protocol metadata

2024-04-18 09:20:27,519 WARN start to move old raft protocol metadata

2024-04-18 09:20:27,519 INFO raft peers changed: [Member{ip='192.168.159.1', port=8848, state=UP, extendInfo={lastRefreshTime=1713403227519, raftPort=7848, version=1.4.1}}]

2024-04-18 09:20:37,449 INFO add listener: com.alibaba.nacos.naming.iplist.public##DEFAULT_GROUP@@bookserver

2024-04-18 09:21:03,348 INFO add listener: com.alibaba.nacos.naming.iplist.public##DEFAULT_GROUP@@userserver

2024-04-18 17:02:45,634 INFO [RAFT-NOTIFIER] datum is deleted, key: com.alibaba.nacos.naming.domains.meta.public##DEFAULT_GROUP@@userserver

2024-04-18 17:02:58,240 INFO add listener: com.alibaba.nacos.naming.iplist.public##DEFAULT_GROUP@@userserver

